----------------------------------------
Timestamp: 07/01/2010 10:49:05 p.m.
Message: App Iniciada
Category: General
Priority: -1
EventId: 1
Severity: Information
Title:
Machine: DEVELOPER
Application Domain: ca.vshost.exe
Process Id: 324
Process Name: C:\Users\mcruz\Documents\Visual Studio 2008\Projects\ca\ca\bin\Release\ca.vshost.exe
Win32 Thread Id: 1648
Thread Name: 
Extended Properties: 
----------------------------------------
----------------------------------------
Timestamp: 07/01/2010 10:49:12 p.m.
Message: App Es Cerrado
Category: General
Priority: -1
EventId: 1
Severity: Information
Title:
Machine: DEVELOPER
Application Domain: ca.vshost.exe
Process Id: 324
Process Name: C:\Users\mcruz\Documents\Visual Studio 2008\Projects\ca\ca\bin\Release\ca.vshost.exe
Win32 Thread Id: 1648
Thread Name: 
Extended Properties: 
----------------------------------------
----------------------------------------
Timestamp: 07/01/2010 10:49:19 p.m.
Message: App Iniciada
Category: General
Priority: -1
EventId: 1
Severity: Information
Title:
Machine: DEVELOPER
Application Domain: ca.vshost.exe
Process Id: 1572
Process Name: C:\Users\mcruz\Documents\Visual Studio 2008\Projects\ca\ca\bin\Release\ca.vshost.exe
Win32 Thread Id: 3112
Thread Name: 
Extended Properties: 
----------------------------------------
----------------------------------------
Timestamp: 07/01/2010 10:49:31 p.m.
Message: App Es Cerrado
Category: General
Priority: -1
EventId: 1
Severity: Information
Title:
Machine: DEVELOPER
Application Domain: ca.vshost.exe
Process Id: 1572
Process Name: C:\Users\mcruz\Documents\Visual Studio 2008\Projects\ca\ca\bin\Release\ca.vshost.exe
Win32 Thread Id: 3112
Thread Name: 
Extended Properties: 
----------------------------------------
----------------------------------------
Timestamp: 14/05/2015 10:22:50 a.m.
Message: App Iniciada
Category: General
Priority: -1
EventId: 1
Severity: Information
Title:
Machine: DEV
Application Domain: ca.vshost.exe
Process Id: 13828
Process Name: D:\Máster\Segundo Cuatrimestre\Tecnología Multimedia en Interacción\ETeaching\ca\ca\bin\Release\ca.vshost.exe
Win32 Thread Id: 13792
Thread Name: 
Extended Properties: 
----------------------------------------
----------------------------------------
Timestamp: 14/05/2015 10:23:40 a.m.
Message: \\192.168.2.7\media\TNF\imagenes\Logo.jpg
Category: Main.LoadPortada
Priority: -1
EventId: 1
Severity: Information
Title:
Machine: DEV
Application Domain: ca.vshost.exe
Process Id: 13828
Process Name: D:\Máster\Segundo Cuatrimestre\Tecnología Multimedia en Interacción\ETeaching\ca\ca\bin\Release\ca.vshost.exe
Win32 Thread Id: 13792
Thread Name: 
Extended Properties: 
----------------------------------------
----------------------------------------
Timestamp: 14/05/2015 10:23:50 a.m.
Message: App Es Cerrado
Category: General
Priority: -1
EventId: 1
Severity: Information
Title:
Machine: DEV
Application Domain: ca.vshost.exe
Process Id: 13828
Process Name: D:\Máster\Segundo Cuatrimestre\Tecnología Multimedia en Interacción\ETeaching\ca\ca\bin\Release\ca.vshost.exe
Win32 Thread Id: 13792
Thread Name: 
Extended Properties: 
----------------------------------------
----------------------------------------
Timestamp: 14/05/2015 10:30:54 a.m.
Message: App Iniciada
Category: General
Priority: -1
EventId: 1
Severity: Information
Title:
Machine: DEV
Application Domain: ca.vshost.exe
Process Id: 14820
Process Name: D:\Máster\Segundo Cuatrimestre\Tecnología Multimedia en Interacción\ETeaching\ca\ca\bin\Release\ca.vshost.exe
Win32 Thread Id: 12372
Thread Name: 
Extended Properties: 
----------------------------------------
----------------------------------------
Timestamp: 14/05/2015 10:31:48 a.m.
Message: App Es Cerrado
Category: General
Priority: -1
EventId: 1
Severity: Information
Title:
Machine: DEV
Application Domain: ca.vshost.exe
Process Id: 14820
Process Name: D:\Máster\Segundo Cuatrimestre\Tecnología Multimedia en Interacción\ETeaching\ca\ca\bin\Release\ca.vshost.exe
Win32 Thread Id: 12372
Thread Name: 
Extended Properties: 
----------------------------------------
----------------------------------------
Timestamp: 14/05/2015 10:34:49 a.m.
Message: App Iniciada
Category: General
Priority: -1
EventId: 1
Severity: Information
Title:
Machine: DEV
Application Domain: ca.vshost.exe
Process Id: 14744
Process Name: D:\Máster\Segundo Cuatrimestre\Tecnología Multimedia en Interacción\ETeaching\ca\ca\bin\Release\ca.vshost.exe
Win32 Thread Id: 13796
Thread Name: 
Extended Properties: 
----------------------------------------
----------------------------------------
Timestamp: 14/05/2015 10:35:57 a.m.
Message: App Es Cerrado
Category: General
Priority: -1
EventId: 1
Severity: Information
Title:
Machine: DEV
Application Domain: ca.vshost.exe
Process Id: 14744
Process Name: D:\Máster\Segundo Cuatrimestre\Tecnología Multimedia en Interacción\ETeaching\ca\ca\bin\Release\ca.vshost.exe
Win32 Thread Id: 13796
Thread Name: 
Extended Properties: 
----------------------------------------
----------------------------------------
Timestamp: 14/05/2015 10:38:14 a.m.
Message: App Iniciada
Category: General
Priority: -1
EventId: 1
Severity: Information
Title:
Machine: DEV
Application Domain: ca.vshost.exe
Process Id: 13708
Process Name: D:\Máster\Segundo Cuatrimestre\Tecnología Multimedia en Interacción\ETeaching\ca\ca\bin\Release\ca.vshost.exe
Win32 Thread Id: 17240
Thread Name: 
Extended Properties: 
----------------------------------------
----------------------------------------
Timestamp: 14/05/2015 10:40:12 a.m.
Message: App Es Cerrado
Category: General
Priority: -1
EventId: 1
Severity: Information
Title:
Machine: DEV
Application Domain: ca.vshost.exe
Process Id: 13708
Process Name: D:\Máster\Segundo Cuatrimestre\Tecnología Multimedia en Interacción\ETeaching\ca\ca\bin\Release\ca.vshost.exe
Win32 Thread Id: 17240
Thread Name: 
Extended Properties: 
----------------------------------------
----------------------------------------
Timestamp: 14/05/2015 07:10:43 p.m.
Message: App Iniciada
Category: General
Priority: -1
EventId: 1
Severity: Information
Title:
Machine: DEV
Application Domain: ca.vshost.exe
Process Id: 4652
Process Name: D:\Máster\Segundo Cuatrimestre\Tecnología Multimedia en Interacción\ETeaching\ca\ca\bin\Release\ca.vshost.exe
Win32 Thread Id: 3840
Thread Name: 
Extended Properties: 
----------------------------------------
----------------------------------------
Timestamp: 14/05/2015 07:10:50 p.m.
Message: App Es Cerrado
Category: General
Priority: -1
EventId: 1
Severity: Information
Title:
Machine: DEV
Application Domain: ca.vshost.exe
Process Id: 4652
Process Name: D:\Máster\Segundo Cuatrimestre\Tecnología Multimedia en Interacción\ETeaching\ca\ca\bin\Release\ca.vshost.exe
Win32 Thread Id: 3840
Thread Name: 
Extended Properties: 
----------------------------------------
----------------------------------------
Timestamp: 14/05/2015 09:57:45 p.m.
Message: App Iniciada
Category: General
Priority: -1
EventId: 1
Severity: Information
Title:
Machine: DEV
Application Domain: ca.vshost.exe
Process Id: 16800
Process Name: D:\Máster\Segundo Cuatrimestre\Tecnología Multimedia en Interacción\ETeaching\ca\ca\bin\Release\ca.vshost.exe
Win32 Thread Id: 18664
Thread Name: 
Extended Properties: 
----------------------------------------
----------------------------------------
Timestamp: 14/05/2015 09:57:53 p.m.
Message: App Es Cerrado
Category: General
Priority: -1
EventId: 1
Severity: Information
Title:
Machine: DEV
Application Domain: ca.vshost.exe
Process Id: 16800
Process Name: D:\Máster\Segundo Cuatrimestre\Tecnología Multimedia en Interacción\ETeaching\ca\ca\bin\Release\ca.vshost.exe
Win32 Thread Id: 18664
Thread Name: 
Extended Properties: 
----------------------------------------
----------------------------------------
Timestamp: 14/05/2015 09:59:11 p.m.
Message: App Iniciada
Category: General
Priority: -1
EventId: 1
Severity: Information
Title:
Machine: DEV
Application Domain: ca.vshost.exe
Process Id: 16244
Process Name: D:\Máster\Segundo Cuatrimestre\Tecnología Multimedia en Interacción\ETeaching\ca\ca\bin\Release\ca.vshost.exe
Win32 Thread Id: 18424
Thread Name: 
Extended Properties: 
----------------------------------------
----------------------------------------
Timestamp: 14/05/2015 09:59:18 p.m.
Message: App Es Cerrado
Category: General
Priority: -1
EventId: 1
Severity: Information
Title:
Machine: DEV
Application Domain: ca.vshost.exe
Process Id: 16244
Process Name: D:\Máster\Segundo Cuatrimestre\Tecnología Multimedia en Interacción\ETeaching\ca\ca\bin\Release\ca.vshost.exe
Win32 Thread Id: 18424
Thread Name: 
Extended Properties: 
----------------------------------------
----------------------------------------
Timestamp: 23/05/2015 09:33:47 a.m.
Message: App Iniciada
Category: General
Priority: -1
EventId: 1
Severity: Information
Title:
Machine: DEV
Application Domain: ca.vshost.exe
Process Id: 18664
Process Name: D:\Máster\Segundo Cuatrimestre\Tecnología Multimedia en Interacción\ETeaching\ca\ca\bin\Release\ca.vshost.exe
Win32 Thread Id: 19476
Thread Name: 
Extended Properties: 
----------------------------------------
----------------------------------------
Timestamp: 23/05/2015 09:34:27 a.m.
Message: App Es Cerrado
Category: General
Priority: -1
EventId: 1
Severity: Information
Title:
Machine: DEV
Application Domain: ca.vshost.exe
Process Id: 18664
Process Name: D:\Máster\Segundo Cuatrimestre\Tecnología Multimedia en Interacción\ETeaching\ca\ca\bin\Release\ca.vshost.exe
Win32 Thread Id: 19476
Thread Name: 
Extended Properties: 
----------------------------------------
----------------------------------------
Timestamp: 23/05/2015 09:44:51 a.m.
Message: App Iniciada
Category: General
Priority: -1
EventId: 1
Severity: Information
Title:
Machine: DEV
Application Domain: ca.vshost.exe
Process Id: 19244
Process Name: D:\Máster\Segundo Cuatrimestre\Tecnología Multimedia en Interacción\ETeaching\ca\ca\bin\Release\ca.vshost.exe
Win32 Thread Id: 15084
Thread Name: 
Extended Properties: 
----------------------------------------
----------------------------------------
Timestamp: 23/05/2015 09:45:29 a.m.
Message: \\192.168.2.7\media\TNF\imagenes\Logo.jpg
Category: Main.LoadPortada
Priority: -1
EventId: 1
Severity: Information
Title:
Machine: DEV
Application Domain: ca.vshost.exe
Process Id: 19244
Process Name: D:\Máster\Segundo Cuatrimestre\Tecnología Multimedia en Interacción\ETeaching\ca\ca\bin\Release\ca.vshost.exe
Win32 Thread Id: 15084
Thread Name: 
Extended Properties: 
----------------------------------------
----------------------------------------
Timestamp: 23/05/2015 09:48:12 a.m.
Message: App Es Cerrado
Category: General
Priority: -1
EventId: 1
Severity: Information
Title:
Machine: DEV
Application Domain: ca.vshost.exe
Process Id: 19244
Process Name: D:\Máster\Segundo Cuatrimestre\Tecnología Multimedia en Interacción\ETeaching\ca\ca\bin\Release\ca.vshost.exe
Win32 Thread Id: 15084
Thread Name: 
Extended Properties: 
----------------------------------------
----------------------------------------
Timestamp: 23/05/2015 09:55:54 a.m.
Message: App Iniciada
Category: General
Priority: -1
EventId: 1
Severity: Information
Title:
Machine: DEV
Application Domain: ca.vshost.exe
Process Id: 19808
Process Name: D:\Máster\Segundo Cuatrimestre\Tecnología Multimedia en Interacción\ETeaching\ca\ca\bin\Release\ca.vshost.exe
Win32 Thread Id: 8196
Thread Name: 
Extended Properties: 
----------------------------------------
----------------------------------------
Timestamp: 23/05/2015 09:56:14 a.m.
Message: App Es Cerrado
Category: General
Priority: -1
EventId: 1
Severity: Information
Title:
Machine: DEV
Application Domain: ca.vshost.exe
Process Id: 19808
Process Name: D:\Máster\Segundo Cuatrimestre\Tecnología Multimedia en Interacción\ETeaching\ca\ca\bin\Release\ca.vshost.exe
Win32 Thread Id: 8196
Thread Name: 
Extended Properties: 
----------------------------------------
----------------------------------------
Timestamp: 23/05/2015 09:56:57 a.m.
Message: App Iniciada
Category: General
Priority: -1
EventId: 1
Severity: Information
Title:
Machine: DEV
Application Domain: ca.vshost.exe
Process Id: 20136
Process Name: D:\Máster\Segundo Cuatrimestre\Tecnología Multimedia en Interacción\ETeaching\ca\ca\bin\Release\ca.vshost.exe
Win32 Thread Id: 12840
Thread Name: 
Extended Properties: 
----------------------------------------
----------------------------------------
Timestamp: 23/05/2015 09:57:16 a.m.
Message: App Es Cerrado
Category: General
Priority: -1
EventId: 1
Severity: Information
Title:
Machine: DEV
Application Domain: ca.vshost.exe
Process Id: 20136
Process Name: D:\Máster\Segundo Cuatrimestre\Tecnología Multimedia en Interacción\ETeaching\ca\ca\bin\Release\ca.vshost.exe
Win32 Thread Id: 12840
Thread Name: 
Extended Properties: 
----------------------------------------
----------------------------------------
Timestamp: 23/05/2015 11:24:02 a.m.
Message: App Iniciada
Category: General
Priority: -1
EventId: 1
Severity: Information
Title:
Machine: DEV
Application Domain: ca.vshost.exe
Process Id: 16036
Process Name: D:\Máster\Segundo Cuatrimestre\Tecnología Multimedia en Interacción\ETeaching\ca\ca\bin\Release\ca.vshost.exe
Win32 Thread Id: 20244
Thread Name: 
Extended Properties: 
----------------------------------------
----------------------------------------
Timestamp: 23/05/2015 11:25:58 a.m.
Message: App Es Cerrado
Category: General
Priority: -1
EventId: 1
Severity: Information
Title:
Machine: DEV
Application Domain: ca.vshost.exe
Process Id: 16036
Process Name: D:\Máster\Segundo Cuatrimestre\Tecnología Multimedia en Interacción\ETeaching\ca\ca\bin\Release\ca.vshost.exe
Win32 Thread Id: 20244
Thread Name: 
Extended Properties: 
----------------------------------------
----------------------------------------
Timestamp: 23/05/2015 11:27:41 a.m.
Message: App Iniciada
Category: General
Priority: -1
EventId: 1
Severity: Information
Title:
Machine: DEV
Application Domain: ca.vshost.exe
Process Id: 19692
Process Name: D:\Máster\Segundo Cuatrimestre\Tecnología Multimedia en Interacción\ETeaching\ca\ca\bin\Release\ca.vshost.exe
Win32 Thread Id: 19464
Thread Name: 
Extended Properties: 
----------------------------------------
----------------------------------------
Timestamp: 23/05/2015 11:35:00 a.m.
Message: App Es Cerrado
Category: General
Priority: -1
EventId: 1
Severity: Information
Title:
Machine: DEV
Application Domain: ca.vshost.exe
Process Id: 19692
Process Name: D:\Máster\Segundo Cuatrimestre\Tecnología Multimedia en Interacción\ETeaching\ca\ca\bin\Release\ca.vshost.exe
Win32 Thread Id: 19464
Thread Name: 
Extended Properties: 
----------------------------------------
----------------------------------------
Timestamp: 23/05/2015 11:37:37 a.m.
Message: App Iniciada
Category: General
Priority: -1
EventId: 1
Severity: Information
Title:
Machine: DEV
Application Domain: ca.vshost.exe
Process Id: 13616
Process Name: D:\Máster\Segundo Cuatrimestre\Tecnología Multimedia en Interacción\ETeaching\ca\ca\bin\Release\ca.vshost.exe
Win32 Thread Id: 21468
Thread Name: 
Extended Properties: 
----------------------------------------
----------------------------------------
Timestamp: 23/05/2015 11:38:07 a.m.
Message: App Es Cerrado
Category: General
Priority: -1
EventId: 1
Severity: Information
Title:
Machine: DEV
Application Domain: ca.vshost.exe
Process Id: 13616
Process Name: D:\Máster\Segundo Cuatrimestre\Tecnología Multimedia en Interacción\ETeaching\ca\ca\bin\Release\ca.vshost.exe
Win32 Thread Id: 21468
Thread Name: 
Extended Properties: 
----------------------------------------
----------------------------------------
Timestamp: 23/05/2015 11:38:28 a.m.
Message: App Iniciada
Category: General
Priority: -1
EventId: 1
Severity: Information
Title:
Machine: DEV
Application Domain: ca.vshost.exe
Process Id: 6552
Process Name: D:\Máster\Segundo Cuatrimestre\Tecnología Multimedia en Interacción\ETeaching\ca\ca\bin\Release\ca.vshost.exe
Win32 Thread Id: 17872
Thread Name: 
Extended Properties: 
----------------------------------------
----------------------------------------
Timestamp: 23/05/2015 11:42:04 a.m.
Message: App Es Cerrado
Category: General
Priority: -1
EventId: 1
Severity: Information
Title:
Machine: DEV
Application Domain: ca.vshost.exe
Process Id: 6552
Process Name: D:\Máster\Segundo Cuatrimestre\Tecnología Multimedia en Interacción\ETeaching\ca\ca\bin\Release\ca.vshost.exe
Win32 Thread Id: 17872
Thread Name: 
Extended Properties: 
----------------------------------------
----------------------------------------
Timestamp: 23/05/2015 01:15:09 p.m.
Message: App Iniciada
Category: General
Priority: -1
EventId: 1
Severity: Information
Title:
Machine: DEV
Application Domain: ca.vshost.exe
Process Id: 17860
Process Name: D:\Máster\Segundo Cuatrimestre\Tecnología Multimedia en Interacción\ETeaching\ca\ca\bin\Release\ca.vshost.exe
Win32 Thread Id: 22452
Thread Name: 
Extended Properties: 
----------------------------------------
----------------------------------------
Timestamp: 23/05/2015 01:15:15 p.m.
Message: App Es Cerrado
Category: General
Priority: -1
EventId: 1
Severity: Information
Title:
Machine: DEV
Application Domain: ca.vshost.exe
Process Id: 17860
Process Name: D:\Máster\Segundo Cuatrimestre\Tecnología Multimedia en Interacción\ETeaching\ca\ca\bin\Release\ca.vshost.exe
Win32 Thread Id: 22452
Thread Name: 
Extended Properties: 
----------------------------------------
----------------------------------------
Timestamp: 23/05/2015 01:15:34 p.m.
Message: App Iniciada
Category: General
Priority: -1
EventId: 1
Severity: Information
Title:
Machine: DEV
Application Domain: ca.vshost.exe
Process Id: 16672
Process Name: D:\Máster\Segundo Cuatrimestre\Tecnología Multimedia en Interacción\ETeaching\ca\ca\bin\Release\ca.vshost.exe
Win32 Thread Id: 21600
Thread Name: 
Extended Properties: 
----------------------------------------
----------------------------------------
Timestamp: 23/05/2015 01:15:50 p.m.
Message: App Es Cerrado
Category: General
Priority: -1
EventId: 1
Severity: Information
Title:
Machine: DEV
Application Domain: ca.vshost.exe
Process Id: 16672
Process Name: D:\Máster\Segundo Cuatrimestre\Tecnología Multimedia en Interacción\ETeaching\ca\ca\bin\Release\ca.vshost.exe
Win32 Thread Id: 21600
Thread Name: 
Extended Properties: 
----------------------------------------
----------------------------------------
Timestamp: 23/05/2015 01:17:52 p.m.
Message: App Iniciada
Category: General
Priority: -1
EventId: 1
Severity: Information
Title:
Machine: DEV
Application Domain: ca.vshost.exe
Process Id: 21468
Process Name: D:\Máster\Segundo Cuatrimestre\Tecnología Multimedia en Interacción\ETeaching\ca\ca\bin\Release\ca.vshost.exe
Win32 Thread Id: 17300
Thread Name: 
Extended Properties: 
----------------------------------------
----------------------------------------
Timestamp: 23/05/2015 01:18:03 p.m.
Message: App Es Cerrado
Category: General
Priority: -1
EventId: 1
Severity: Information
Title:
Machine: DEV
Application Domain: ca.vshost.exe
Process Id: 21468
Process Name: D:\Máster\Segundo Cuatrimestre\Tecnología Multimedia en Interacción\ETeaching\ca\ca\bin\Release\ca.vshost.exe
Win32 Thread Id: 17300
Thread Name: 
Extended Properties: 
----------------------------------------
----------------------------------------
Timestamp: 23/05/2015 01:19:45 p.m.
Message: App Iniciada
Category: General
Priority: -1
EventId: 1
Severity: Information
Title:
Machine: DEV
Application Domain: ca.vshost.exe
Process Id: 15336
Process Name: D:\Máster\Segundo Cuatrimestre\Tecnología Multimedia en Interacción\ETeaching\ca\ca\bin\Release\ca.vshost.exe
Win32 Thread Id: 20860
Thread Name: 
Extended Properties: 
----------------------------------------
----------------------------------------
Timestamp: 23/05/2015 01:21:13 p.m.
Message: App Es Cerrado
Category: General
Priority: -1
EventId: 1
Severity: Information
Title:
Machine: DEV
Application Domain: ca.vshost.exe
Process Id: 15336
Process Name: D:\Máster\Segundo Cuatrimestre\Tecnología Multimedia en Interacción\ETeaching\ca\ca\bin\Release\ca.vshost.exe
Win32 Thread Id: 20860
Thread Name: 
Extended Properties: 
----------------------------------------
----------------------------------------
Timestamp: 23/05/2015 01:38:27 p.m.
Message: App Iniciada
Category: General
Priority: -1
EventId: 1
Severity: Information
Title:
Machine: DEV
Application Domain: ca.vshost.exe
Process Id: 13128
Process Name: D:\Máster\Segundo Cuatrimestre\Tecnología Multimedia en Interacción\ETeaching\ca\ca\bin\Release\ca.vshost.exe
Win32 Thread Id: 17320
Thread Name: 
Extended Properties: 
----------------------------------------
----------------------------------------
Timestamp: 23/05/2015 01:41:14 p.m.
Message: App Es Cerrado
Category: General
Priority: -1
EventId: 1
Severity: Information
Title:
Machine: DEV
Application Domain: ca.vshost.exe
Process Id: 13128
Process Name: D:\Máster\Segundo Cuatrimestre\Tecnología Multimedia en Interacción\ETeaching\ca\ca\bin\Release\ca.vshost.exe
Win32 Thread Id: 17320
Thread Name: 
Extended Properties: 
----------------------------------------
----------------------------------------
Timestamp: 23/05/2015 01:49:12 p.m.
Message: App Iniciada
Category: General
Priority: -1
EventId: 1
Severity: Information
Title:
Machine: DEV
Application Domain: ca.vshost.exe
Process Id: 17820
Process Name: D:\Máster\Segundo Cuatrimestre\Tecnología Multimedia en Interacción\ETeaching\ca\ca\bin\Release\ca.vshost.exe
Win32 Thread Id: 16780
Thread Name: 
Extended Properties: 
----------------------------------------
----------------------------------------
Timestamp: 23/05/2015 01:50:15 p.m.
Message: App Es Cerrado
Category: General
Priority: -1
EventId: 1
Severity: Information
Title:
Machine: DEV
Application Domain: ca.vshost.exe
Process Id: 17820
Process Name: D:\Máster\Segundo Cuatrimestre\Tecnología Multimedia en Interacción\ETeaching\ca\ca\bin\Release\ca.vshost.exe
Win32 Thread Id: 16780
Thread Name: 
Extended Properties: 
----------------------------------------
----------------------------------------
Timestamp: 23/05/2015 01:50:43 p.m.
Message: App Iniciada
Category: General
Priority: -1
EventId: 1
Severity: Information
Title:
Machine: DEV
Application Domain: ca.vshost.exe
Process Id: 20868
Process Name: D:\Máster\Segundo Cuatrimestre\Tecnología Multimedia en Interacción\ETeaching\ca\ca\bin\Release\ca.vshost.exe
Win32 Thread Id: 20768
Thread Name: 
Extended Properties: 
----------------------------------------
----------------------------------------
Timestamp: 23/05/2015 01:51:22 p.m.
Message: App Es Cerrado
Category: General
Priority: -1
EventId: 1
Severity: Information
Title:
Machine: DEV
Application Domain: ca.vshost.exe
Process Id: 20868
Process Name: D:\Máster\Segundo Cuatrimestre\Tecnología Multimedia en Interacción\ETeaching\ca\ca\bin\Release\ca.vshost.exe
Win32 Thread Id: 20768
Thread Name: 
Extended Properties: 
----------------------------------------
----------------------------------------
Timestamp: 23/05/2015 02:02:52 p.m.
Message: App Iniciada
Category: General
Priority: -1
EventId: 1
Severity: Information
Title:
Machine: DEV
Application Domain: ca.vshost.exe
Process Id: 23052
Process Name: D:\Máster\Segundo Cuatrimestre\Tecnología Multimedia en Interacción\ETeaching\ca\ca\bin\Release\ca.vshost.exe
Win32 Thread Id: 22524
Thread Name: 
Extended Properties: 
----------------------------------------
----------------------------------------
Timestamp: 23/05/2015 02:21:02 p.m.
Message: App Iniciada
Category: General
Priority: -1
EventId: 1
Severity: Information
Title:
Machine: DEV
Application Domain: ca.vshost.exe
Process Id: 23884
Process Name: D:\Máster\Segundo Cuatrimestre\Tecnología Multimedia en Interacción\ETeaching\ca\ca\bin\Release\ca.vshost.exe
Win32 Thread Id: 22072
Thread Name: 
Extended Properties: 
----------------------------------------
----------------------------------------
Timestamp: 23/05/2015 02:22:52 p.m.
Message: App Es Cerrado
Category: General
Priority: -1
EventId: 1
Severity: Information
Title:
Machine: DEV
Application Domain: ca.vshost.exe
Process Id: 23884
Process Name: D:\Máster\Segundo Cuatrimestre\Tecnología Multimedia en Interacción\ETeaching\ca\ca\bin\Release\ca.vshost.exe
Win32 Thread Id: 22072
Thread Name: 
Extended Properties: 
----------------------------------------
